{"C:/app_me/vue-vite/vue/src/main.ts": {"path":"C:/app_me/vue-vite/vue/src/main.ts","statementMap":{"0":{"start":{"line":5,"column":0},"end":{"line":5,"column":null}}},"fnMap":{},"branchMap":{},"s":{"0":0},"f":{},"b":{}}
,"C:/app_me/vue-vite/vue/src/say-hello.ts": {"path":"C:/app_me/vue-vite/vue/src/say-hello.ts","statementMap":{"0":{"start":{"line":2,"column":4},"end":{"line":2,"column":null}}},"fnMap":{"0":{"name":"sayHello","decl":{"start":{"line":1,"column":16},"end":{"line":1,"column":25}},"loc":{"start":{"line":1,"column":47},"end":{"line":3,"column":null}}}},"branchMap":{},"s":{"0":1},"f":{"0":1},"b":{}}
}
